make all --print-data-base --no-builtin-variables --no-builtin-rules --question
# GNU Make 3.81
# Copyright (C) 2006  Free Software Foundation, Inc.
# This is free software; see the source for copying conditions.
# There is NO warranty; not even for MERCHANTABILITY or FITNESS FOR A
# PARTICULAR PURPOSE.

# This program built for i386-apple-darwin11.3.0

# Make data base, printed on Tue Jul 26 14:42:10 2022

# Variables

# automatic
<D = $(patsubst %/,%,$(dir $<))
# automatic
?F = $(notdir $?)
# makefile (from `Makefile', line 16)
RST = \033[0m
# makefile (from `Makefile', line 29)
PROJECT_H = include/my_game.h
# environment
VSCODE_LOG_NATIVE = false
# automatic
?D = $(patsubst %/,%,$(dir $?))
# automatic
@D = $(patsubst %/,%,$(dir $@))
# automatic
@F = $(notdir $@)
# makefile
CURDIR := /Users/memam/Desktop/so_long
# makefile
SHELL = /bin/sh
# environment
VSCODE_NLS_CONFIG = {"locale":"en-us","availableLanguages":{},"_languagePackSupport":true}
# environment
_ = /usr/bin/make
# makefile (from `Makefile', line 1)
MAKEFILE_LIST :=  Makefile
# environment
VSCODE_VERBOSE_LOGGING = true
# makefile (from `Makefile', line 30)
OBJS = $(SRCS:.c=.o)
# environment
P9K_SSH = 0
# environment
VSCODE_IPC_HOOK_EXTHOST = /var/folders/zz/zyxvpxvq6csfxvn_n000c_l00032mr/T/vscode-ipc-c3a037f5-9266-43e9-924a-d26c6c47f9aa.sock
# environment
VSCODE_CWD = /
# environment
PATH = /usr/local/bin:/usr/bin:/bin:/usr/sbin:/sbin:/usr/local/munki:/Library/Apple/usr/bin
# environment
LSCOLORS = Gxfxcxdxbxegedabagacad
# makefile (from `Makefile', line 17)
END = \e[0m
# makefile (from `Makefile', line 31)
OBJECTS_PREFIXED = $(addprefix $(OBJS_DIR), $(OBJS))
# environment
LaunchInstanceID = 6708C5A7-72D9-4969-87A8-DC66991C0175
# environment
VSCODE_LOG_STACK = false
# environment
ELECTRON_RUN_AS_NODE = 1
# default
.FEATURES := target-specific order-only second-expansion else-if archives jobserver check-symlink
# makefile (from `Makefile', line 14)
GRN = \033[0;32m
# makefile (from `Makefile', line 33)
CC_FLAGS = -Wall -Werror -Wextra -Imlx -g
# environment
SSH_AUTH_SOCK = /private/tmp/com.apple.launchd.wPDS0YutUr/Listeners
# automatic
%F = $(notdir $%)
# makefile (from `Makefile', line 34)
MLXFLAGS = -lmlx -framework OpenGl -framework AppKit 
# environment
VSCODE_PIPE_LOGGING = true
# environment
PWD = /Users/memam/Desktop/so_long
# environment
ORIGINAL_XDG_CURRENT_DESKTOP = undefined
# makefile (from `Makefile', line 13)
BLU = \033[0;34m
# environment
VSCODE_AMD_ENTRYPOINT = vs/workbench/api/node/extensionHostProcess
# environment
HOME = /Users/memam
# default
MAKEFILEPATH = $(shell /usr/bin/xcode-select -print-path 2>/dev/null || echo /Developer)/Makefiles
# environment
VSCODE_CODE_CACHE_PATH = /Users/memam/Library/Application Support/Code/CachedData/30d9c6cd9483b2cc586687151bcbcd635f373630
# environment
LOGNAME = memam
# environment
APPLICATION_INSIGHTS_NO_DIAGNOSTIC_CHANNEL = 1
# environment
ZSH = /Users/memam/.oh-my-zsh
# environment
VSCODE_HANDLES_UNCAUGHT_ERRORS = true
# automatic
^D = $(patsubst %/,%,$(dir $^))
# environment
XPC_FLAGS = 0x0
# default
MAKE = $(MAKE_COMMAND)
# default
MAKECMDGOALS := all
# makefile (from `Makefile', line 18)
SRCS = srcs/main.c srcs/game.c srcs/utile.c srcs/get_map.c srcs/check_map.c srcs/deplacements.c srcs/all_init_map.c srcs/utile1.c
# environment
SHLVL = 1
# makefile (from `Makefile', line 32)
CC = gcc
# default
MAKE_VERSION := 3.81
# environment
USER = memam
# makefile
.DEFAULT_GOAL := game
# makefile (from `Makefile', line 27)
NAME = game
# environment
LESS = -R
# automatic
%D = $(patsubst %/,%,$(dir $%))
# default
MAKE_COMMAND := /Library/Developer/CommandLineTools/usr/bin/make
# default
.VARIABLES := 
# environment
TMPDIR = /var/folders/zz/zyxvpxvq6csfxvn_n000c_l00032mr/T/
# automatic
*F = $(notdir $*)
# environment
VSCODE_IPC_HOOK = /Users/memam/Library/Application Support/Code/1.68.1-main.sock
# makefile (from `Makefile', line 15)
RED = \033[0;31m
# makefile
MAKEFLAGS = Rrqp
# environment
MFLAGS = -Rrqp
# automatic
*D = $(patsubst %/,%,$(dir $*))
# environment
XPC_SERVICE_NAME = com.apple.xpc.launchd.oneshot.0x10000004.Electron
# makefile (from `Makefile', line 28)
OBJS_DIR = objs/
# automatic
+D = $(patsubst %/,%,$(dir $+))
# automatic
+F = $(notdir $+)
# environment
__CF_USER_TEXT_ENCODING = 0x18A98:0x0:0x0
# environment
COMMAND_MODE = unix2003
# default
MAKEFILES := 
# automatic
<F = $(notdir $<)
# environment
PAGER = less
# environment
LC_ALL = C
# environment
SECURITYSESSIONID = 186a7
# automatic
^F = $(notdir $^)
# default
SUFFIXES := 
# default
.INCLUDE_DIRS = /usr/local/include
# environment
MAKELEVEL := 0
# environment
LANG = C
# environment
VSCODE_PID = 8638
# variable set hash-table stats:
# Load=82/1024=8%, Rehash=0, Collisions=3/116=3%

# Pattern-specific Variable Values

# No pattern-specific variable values.

# Directories

# include (device 16777225, inode 1839564): 3 files, no impossibilities so far.
# . (device 16777225, inode 1821273): 15 files, no impossibilities.
# srcs (device 16777225, inode 1839816): 11 files, no impossibilities so far.

# 29 files, no impossibilities in 3 directories.

# Implicit Rules

objs/%.o: %.c include/my_game.h
#  commands to execute (from `Makefile', line 39):
	@mkdir -p $(OBJS_DIR)
	@mkdir -p $(OBJS_DIR)srcs
	@$(CC) $(CC_FLAGS) -c $< -o $@
	

# 1 implicit rules, 0 (0.0%) terminal.

# Files

# Not a target:
srcs/check_map.c:
#  Implicit rule search has been done.
#  Last modified 2022-07-19 23:02:16
#  File has been updated.
#  Successfully updated.
# variable set hash-table stats:
# Load=0/32=0%, Rehash=0, Collisions=0/0=0%

# Not a target:
srcs/game.c:
#  Implicit rule search has been done.
#  Last modified 2022-07-26 09:19:35
#  File has been updated.
#  Successfully updated.
# variable set hash-table stats:
# Load=0/32=0%, Rehash=0, Collisions=0/0=0%

maker:
#  Implicit rule search has not been done.
#  Implicit/static pattern stem: `'
#  File does not exist.
#  File has been updated.
#  Needs to be updated (-q is set).
# automatic
# @ := maker
# automatic
# % := 
# automatic
# * := 
# automatic
# + := 
# automatic
# | := 
# automatic
# < := 
# automatic
# ^ := 
# automatic
# ? := 
# variable set hash-table stats:
# Load=8/32=25%, Rehash=0, Collisions=1/10=10%
#  commands to execute (from `Makefile', line 51):
	@make -C ./libft
	@make -C ./minilibx
	

all: game
#  Phony target (prerequisite of .PHONY).
#  Command-line target.
#  Implicit rule search has not been done.
#  File does not exist.
#  File has been updated.
#  Needs to be updated (-q is set).
# variable set hash-table stats:
# Load=0/32=0%, Rehash=0, Collisions=0/2=0%

# Not a target:
srcs/all_init_map.c:
#  Implicit rule search has been done.
#  Last modified 2022-07-25 13:04:56
#  File has been updated.
#  Successfully updated.
# variable set hash-table stats:
# Load=0/32=0%, Rehash=0, Collisions=0/0=0%

.PHONY: all clean fclean re
#  Implicit rule search has not been done.
#  Modification time never checked.
#  File has not been updated.

# Not a target:
srcs/utile.c:
#  Implicit rule search has been done.
#  Last modified 2022-07-21 10:31:32
#  File has been updated.
#  Successfully updated.
# variable set hash-table stats:
# Load=0/32=0%, Rehash=0, Collisions=0/0=0%

# Not a target:
.SUFFIXES:
#  Implicit rule search has not been done.
#  Modification time never checked.
#  File has not been updated.

# Not a target:
Makefile:
#  Implicit rule search has been done.
#  Last modified 2022-07-25 12:53:40
#  File has been updated.
#  Successfully updated.
# variable set hash-table stats:
# Load=0/32=0%, Rehash=0, Collisions=0/0=0%

# Not a target:
srcs/main.c:
#  Implicit rule search has been done.
#  Last modified 2022-07-23 00:08:05
#  File has been updated.
#  Successfully updated.
# variable set hash-table stats:
# Load=0/32=0%, Rehash=0, Collisions=0/0=0%

objs/srcs/check_map.o: srcs/check_map.c include/my_game.h
#  Implicit rule search has been done.
#  Implicit/static pattern stem: `srcs/check_map'
#  Last modified 2022-07-26 14:36:51
#  File has been updated.
#  Successfully updated.
# variable set hash-table stats:
# Load=0/32=0%, Rehash=0, Collisions=0/0=0%
#  commands to execute (from `Makefile', line 39):
	@mkdir -p $(OBJS_DIR)
	@mkdir -p $(OBJS_DIR)srcs
 
	@$(CC) $(CC_FLAGS) -c $< -o $@
	

objs/srcs/game.o: srcs/game.c include/my_game.h
#  Implicit rule search has been done.
#  Implicit/static pattern stem: `srcs/game'
#  Last modified 2022-07-26 14:36:51
#  File has been updated.
#  Successfully updated.
# variable set hash-table stats:
# Load=0/32=0%, Rehash=0, Collisions=0/0=0%
#  commands to execute (from `Makefile', line 39):
	@mkdir -p $(OBJS_DIR)
	@mkdir -p $(OBJS_DIR)srcs
	@$(CC) $(CC_FLAGS) -c $< -o $@
	

objs/srcs/all_init_map.o: srcs/all_init_map.c include/my_game.h
#  Implicit rule search has been done.
#  Implicit/static pattern stem: `srcs/all_init_map'
#  Last modified 2022-07-26 14:36:51
#  File has been updated.
#  Successfully updated.
# variable set hash-table stats:
# Load=0/32=0%, Rehash=0, Collisions=0/0=0%
#  commands to execute (from `Makefile', line 39):
	@mkdir -p $(OBJS_DIR)
	@mkdir -p $(OBJS_DIR)srcs
	@$(CC) $(CC_FLAGS) -c $< -o $@
	

# Not a target:
srcs/utile1.c:
#  Implicit rule search has been done.
#  Last modified 2022-07-26 09:16:57
#  File has been updated.
#  Successfully updated.
# variable set hash-table stats:
# Load=0/32=0%, Rehash=0, Collisions=0/0=0%

fclean: clean
#  Phony target (prerequisite of .PHONY).
#  Implicit rule search has not been done.
#  File does not exist.
#  File has not been updated.
#  commands to execute (from `Makefile', line 61):
	@make fclean -C ./libft
	@rm -f $(NAME)
	@printf "\033[2K\r${GRN}[FCLEAN]${RST} done$(END)"
	

objs/srcs/utile.o: srcs/utile.c include/my_game.h
#  Implicit rule search has been done.
#  Implicit/static pattern stem: `srcs/utile'
#  Last modified 2022-07-26 14:36:51
#  File has been updated.
#  Successfully updated.
# variable set hash-table stats:
# Load=0/32=0%, Rehash=0, Collisions=0/0=0%
#  commands to execute (from `Makefile', line 39):
	@mkdir -p $(OBJS_DIR)
	@mkdir -p $(OBJS_DIR)srcs
	@$(CC) $(CC_FLAGS) -c $< -o $@
	

# Not a target:
srcs/get_map.c:
#  Implicit rule search has been done.
#  Last modified 2022-07-22 15:39:00
#  File has been updated.
#  Successfully updated.
# variable set hash-table stats:
# Load=0/32=0%, Rehash=0, Collisions=0/0=0%

objs/srcs/main.o: srcs/main.c include/my_game.h
#  Implicit rule search has been done.
#  Implicit/static pattern stem: `srcs/main'
#  Last modified 2022-07-26 14:36:51
#  File has been updated.
#  Successfully updated.
# variable set hash-table stats:
# Load=0/32=0%, Rehash=0, Collisions=0/0=0%
#  commands to execute (from `Makefile', line 39):
	@mkdir -p $(OBJS_DIR)
	@mkdir -p $(OBJS_DIR)srcs
	@$(CC) $(CC_FLAGS) -c $< -o $@
	

# Not a target:
.DEFAULT:
#  Implicit rule search has not been done.
#  Modification time never checked.
#  File has not been updated.

# Not a target:
srcs/deplacements.c:
#  Implicit rule search has been done.
#  Last modified 2022-07-25 12:55:13
#  File has been updated.
#  Successfully updated.
# variable set hash-table stats:
# Load=0/32=0%, Rehash=0, Collisions=0/0=0%

re: fclean all
#  Phony target (prerequisite of .PHONY).
#  Implicit rule search has not been done.
#  File does not exist.
#  File has not been updated.

clean:
#  Phony target (prerequisite of .PHONY).
#  Implicit rule search has not been done.
#  File does not exist.
#  File has not been updated.
#  commands to execute (from `Makefile', line 55):
	@make clean -C ./libft
	@make clean -C ./minilibx
	@rm -rf $(OBJS_DIR)
	@printf "\033[2K\r${GRN}[CLEAN]${RST} done$(END)"
	

game: objs/srcs/main.o objs/srcs/game.o objs/srcs/utile.o objs/srcs/get_map.o objs/srcs/check_map.o objs/srcs/deplacements.o objs/srcs/all_init_map.o objs/srcs/utile1.o maker
#  Implicit rule search has not been done.
#  Last modified 2022-07-26 14:36:58
#  File has been updated.
#  Needs to be updated (-q is set).
# variable set hash-table stats:
# Load=0/32=0%, Rehash=0, Collisions=0/2=0%
#  commands to execute (from `Makefile', line 45):
	@$(CC) -o $(NAME) $(OBJECTS_PREFIXED) $(CC_FLAGS) ./minilibx/libmlx.a ./libft/libft.a ${MLXFLAGS}
	@printf "\033[2K\r\033[0;32m[file created]]\033[0m $(NAME)$(END)\n"
	

objs/srcs/utile1.o: srcs/utile1.c include/my_game.h
#  Implicit rule search has been done.
#  Implicit/static pattern stem: `srcs/utile1'
#  Last modified 2022-07-26 14:36:51
#  File has been updated.
#  Successfully updated.
# variable set hash-table stats:
# Load=0/32=0%, Rehash=0, Collisions=0/0=0%
#  commands to execute (from `Makefile', line 39):
	@mkdir -p $(OBJS_DIR)
	@mkdir -p $(OBJS_DIR)srcs
	@$(CC) $(CC_FLAGS) -c $< -o $@
	

# Not a target:
include/my_game.h:
#  Implicit rule search has been done.
#  Last modified 2022-07-25 12:43:51
#  File has been updated.
#  Successfully updated.
# variable set hash-table stats:
# Load=0/32=0%, Rehash=0, Collisions=0/0=0%

objs/srcs/get_map.o: srcs/get_map.c include/my_game.h
#  Implicit rule search has been done.
#  Implicit/static pattern stem: `srcs/get_map'
#  Last modified 2022-07-26 14:36:51
#  File has been updated.
#  Successfully updated.
# variable set hash-table stats:
# Load=0/32=0%, Rehash=0, Collisions=0/0=0%
#  commands to execute (from `Makefile', line 39):
	@mkdir -p $(OBJS_DIR)
	@mkdir -p $(OBJS_DIR)srcs
	@$(CC) $(CC_FLAGS) -c $< -o $@
	

objs/srcs/deplacements.o: srcs/deplacements.c include/my_game.h
#  Implicit rule search has been done.
#  Implicit/static pattern stem: `srcs/deplacements'
#  Last modified 2022-07-26 14:36:51
#  File has been updated.
#  Successfully updated.
# variable set hash-table stats:
# Load=0/32=0%, Rehash=0, Collisions=0/0=0%
#  commands to execute (from `Makefile', line 39):
	@mkdir -p $(OBJS_DIR)
	@mkdir -p $(OBJS_DIR)srcs
	@$(CC) $(CC_FLAGS) -c $< -o $@
	

# files hash-table stats:
# Load=27/1024=3%, Rehash=0, Collisions=0/98=0%
# VPATH Search Paths

# No `vpath' search paths.

# No general (`VPATH' variable) search path.

# # of strings in strcache: 1
# # of strcache buffers: 1
# strcache size: total = 4096 / max = 4096 / min = 4096 / avg = 4096
# strcache free: total = 4087 / max = 4087 / min = 4087 / avg = 4087

# Finished Make data base on Tue Jul 26 14:42:10 2022

 
